TN:
SF:src/entity/address.ts
FN:1,<instance_members_initializer>
FN:7,Address
FN:16,validate
FN:31,toString
FNF:4
FNH:4
FNDA:8,<instance_members_initializer>
FNDA:8,Address
FNDA:8,validate
FNDA:1,toString
DA:1,8
DA:2,8
DA:3,8
DA:4,8
DA:5,8
DA:6,8
DA:7,8
DA:8,8
DA:9,8
DA:10,8
DA:11,8
DA:12,8
DA:13,8
DA:14,8
DA:15,8
DA:16,8
DA:17,8
DA:18,1
DA:19,1
DA:20,8
DA:21,1
DA:22,1
DA:23,8
DA:24,1
DA:25,1
DA:26,8
DA:27,1
DA:28,1
DA:29,8
DA:30,8
DA:31,8
DA:32,1
DA:33,1
DA:34,8
DA:35,1
DA:36,1
LF:36
LH:36
BRDA:1,0,0,8
BRDA:7,1,0,8
BRDA:16,2,0,8
BRDA:17,3,0,1
BRDA:19,4,0,7
BRDA:20,5,0,1
BRDA:22,6,0,6
BRDA:23,7,0,1
BRDA:25,8,0,5
BRDA:26,9,0,1
BRDA:31,10,0,1
BRF:11
BRH:11
end_of_record
TN:
SF:src/entity/customer.ts
FN:3,<instance_members_initializer>
FN:9,Customer
FN:16,validate
FN:25,get name
FN:29,isActive
FN:33,changeName
FN:38,changeAddress
FN:42,activate
FN:49,deactivate
FNF:9
FNH:9
FNDA:7,<instance_members_initializer>
FNDA:7,Customer
FNDA:9,validate
FNDA:1,get name
FNDA:2,isActive
FNDA:2,changeName
FNDA:2,changeAddress
FNDA:3,activate
FNDA:1,deactivate
DA:1,1
DA:2,1
DA:3,7
DA:4,7
DA:5,7
DA:6,7
DA:7,7
DA:8,7
DA:9,7
DA:10,7
DA:11,7
DA:12,7
DA:13,7
DA:14,7
DA:15,7
DA:16,7
DA:17,9
DA:18,1
DA:19,1
DA:20,9
DA:21,2
DA:22,2
DA:23,9
DA:24,7
DA:25,7
DA:26,1
DA:27,1
DA:28,7
DA:29,7
DA:30,2
DA:31,2
DA:32,7
DA:33,7
DA:34,2
DA:35,2
DA:36,2
DA:37,7
DA:38,7
DA:39,2
DA:40,2
DA:41,7
DA:42,7
DA:43,3
DA:44,1
DA:45,1
DA:46,2
DA:47,2
DA:48,7
DA:49,7
DA:50,1
DA:51,1
DA:52,7
DA:53,7
DA:54,1
DA:55,1
LF:55
LH:55
BRDA:3,0,0,7
BRDA:9,1,0,7
BRDA:16,2,0,9
BRDA:17,3,0,1
BRDA:19,4,0,8
BRDA:20,5,0,2
BRDA:25,6,0,1
BRDA:29,7,0,2
BRDA:33,8,0,2
BRDA:38,9,0,2
BRDA:42,10,0,3
BRDA:43,11,0,1
BRDA:45,12,0,2
BRDA:49,13,0,1
BRF:14
BRH:14
end_of_record
TN:
SF:src/entity/order.ts
FN:2,<instance_members_initializer>
FN:8,Order
FN:16,get id
FN:20,get customerId
FN:24,get items
FN:28,validate
FN:46,total
FNF:7
FNH:7
FNDA:9,<instance_members_initializer>
FNDA:9,Order
FNDA:1,get id
FNDA:1,get customerId
FNDA:1,get items
FNDA:9,validate
FNDA:12,total
DA:1,1
DA:2,1
DA:3,9
DA:4,9
DA:5,9
DA:6,9
DA:7,9
DA:8,9
DA:9,9
DA:10,9
DA:11,9
DA:12,9
DA:13,9
DA:14,9
DA:15,9
DA:16,9
DA:17,1
DA:18,1
DA:19,9
DA:20,9
DA:21,1
DA:22,1
DA:23,9
DA:24,9
DA:25,1
DA:26,1
DA:27,9
DA:28,9
DA:29,9
DA:30,1
DA:31,1
DA:32,9
DA:33,1
DA:34,1
DA:35,9
DA:36,1
DA:37,1
DA:38,6
DA:39,9
DA:40,1
DA:41,1
DA:42,5
DA:43,5
DA:44,5
DA:45,9
DA:46,9
DA:47,12
DA:48,12
DA:49,9
LF:49
LH:49
BRDA:2,0,0,9
BRDA:8,1,0,9
BRDA:16,2,0,1
BRDA:20,3,0,1
BRDA:24,4,0,1
BRDA:28,5,0,9
BRDA:29,6,0,1
BRDA:31,7,0,8
BRDA:32,8,0,1
BRDA:34,9,0,7
BRDA:35,10,0,1
BRDA:37,11,0,6
BRDA:39,12,0,1
BRDA:41,13,0,5
BRDA:39,14,0,7
BRDA:46,15,0,12
BRDA:47,16,0,11
BRF:17
BRH:17
end_of_record
TN:
SF:src/entity/order_item.ts
FN:1,<instance_members_initializer>
FN:8,OrderItem
FN:22,get id
FN:26,get name
FN:30,get productId
FN:34,get quantity
FN:38,get price
FNF:7
FNH:7
FNDA:11,<instance_members_initializer>
FNDA:11,OrderItem
FNDA:1,get id
FNDA:1,get name
FNDA:1,get productId
FNDA:8,get quantity
FNDA:12,get price
DA:1,1
DA:2,11
DA:3,11
DA:4,11
DA:5,11
DA:6,11
DA:7,11
DA:8,11
DA:9,11
DA:10,11
DA:11,11
DA:12,11
DA:13,11
DA:14,11
DA:15,11
DA:16,11
DA:17,11
DA:18,11
DA:19,11
DA:20,11
DA:21,11
DA:22,11
DA:23,1
DA:24,1
DA:25,11
DA:26,11
DA:27,1
DA:28,1
DA:29,11
DA:30,11
DA:31,1
DA:32,1
DA:33,11
DA:34,11
DA:35,8
DA:36,8
DA:37,11
DA:38,11
DA:39,12
DA:40,12
DA:41,11
LF:41
LH:41
BRDA:1,0,0,11
BRDA:8,1,0,11
BRDA:22,2,0,1
BRDA:26,3,0,1
BRDA:30,4,0,1
BRDA:34,5,0,8
BRDA:38,6,0,12
BRF:7
BRH:7
end_of_record
TN:
SF:src/entity/product.ts
FN:1,<instance_members_initializer>
FN:6,Product
FN:13,get id
FN:17,get name
FN:21,get price
FN:25,changeName
FN:30,changePrice
FN:35,validate
FNF:8
FNH:8
FNDA:6,<instance_members_initializer>
FNDA:6,Product
FNDA:1,get id
FNDA:1,get name
FNDA:1,get price
FNDA:1,changeName
FNDA:1,changePrice
FNDA:8,validate
DA:1,1
DA:2,6
DA:3,6
DA:4,6
DA:5,6
DA:6,6
DA:7,6
DA:8,6
DA:9,6
DA:10,6
DA:11,6
DA:12,6
DA:13,6
DA:14,1
DA:15,1
DA:16,6
DA:17,6
DA:18,1
DA:19,1
DA:20,6
DA:21,6
DA:22,1
DA:23,1
DA:24,6
DA:25,6
DA:26,1
DA:27,1
DA:28,1
DA:29,6
DA:30,6
DA:31,1
DA:32,1
DA:33,1
DA:34,6
DA:35,6
DA:36,8
DA:37,1
DA:38,1
DA:39,8
DA:40,1
DA:41,1
DA:42,8
DA:43,1
DA:44,1
DA:45,5
DA:46,5
DA:47,6
LF:47
LH:47
BRDA:1,0,0,6
BRDA:6,1,0,6
BRDA:13,2,0,1
BRDA:17,3,0,1
BRDA:21,4,0,1
BRDA:25,5,0,1
BRDA:30,6,0,1
BRDA:35,7,0,8
BRDA:36,8,0,1
BRDA:38,9,0,7
BRDA:39,10,0,1
BRDA:41,11,0,6
BRDA:42,12,0,1
BRDA:44,13,0,5
BRF:14
BRH:14
end_of_record
